{"level":"INFO","time":"2022-12-20T02:30:31.590+0800","linenum":"models/init.go:33","msg":"MySQL数据库链接成功","serviceName":"rhine-cloud-driver"}
{"level":"INFO","time":"2022-12-20T02:31:49.036+0800","linenum":"models/init.go:33","msg":"MySQL数据库链接成功","serviceName":"rhine-cloud-driver"}
{"level":"INFO","time":"2022-12-20T02:34:49.539+0800","linenum":"models/init.go:33","msg":"MySQL数据库链接成功","serviceName":"rhine-cloud-driver"}
{"level":"INFO","time":"2022-12-20T02:36:24.924+0800","linenum":"models/init.go:33","msg":"MySQL数据库链接成功","serviceName":"rhine-cloud-driver"}
{"level":"INFO","time":"2022-12-20T02:37:59.466+0800","linenum":"models/init.go:33","msg":"MySQL数据库链接成功","serviceName":"rhine-cloud-driver"}
{"level":"INFO","time":"2022-12-20T02:40:37.267+0800","linenum":"models/init.go:33","msg":"MySQL数据库链接成功","serviceName":"rhine-cloud-driver"}
{"level":"INFO","time":"2022-12-20T02:42:03.597+0800","linenum":"models/init.go:33","msg":"MySQL数据库链接成功","serviceName":"rhine-cloud-driver"}
{"level":"INFO","time":"2022-12-20T02:42:19.191+0800","linenum":"models/init.go:33","msg":"MySQL数据库链接成功","serviceName":"rhine-cloud-driver"}
{"level":"INFO","time":"2022-12-20T02:42:29.595+0800","linenum":"models/init.go:33","msg":"MySQL数据库链接成功","serviceName":"rhine-cloud-driver"}
{"level":"INFO","time":"2022-12-20T02:42:59.286+0800","linenum":"models/init.go:33","msg":"MySQL数据库链接成功","serviceName":"rhine-cloud-driver"}
{"level":"INFO","time":"2022-12-20T02:44:55.417+0800","linenum":"models/init.go:33","msg":"MySQL数据库链接成功","serviceName":"rhine-cloud-driver"}
{"level":"INFO","time":"2022-12-20T02:45:18.234+0800","linenum":"models/init.go:33","msg":"MySQL数据库链接成功","serviceName":"rhine-cloud-driver"}
{"level":"INFO","time":"2022-12-20T02:55:45.164+0800","linenum":"models/init.go:33","msg":"MySQL数据库链接成功","serviceName":"rhine-cloud-driver"}
{"level":"INFO","time":"2022-12-20T02:56:32.650+0800","linenum":"models/init.go:33","msg":"MySQL数据库链接成功","serviceName":"rhine-cloud-driver"}
{"level":"INFO","time":"2022-12-20T02:57:51.726+0800","linenum":"models/init.go:33","msg":"MySQL数据库链接成功","serviceName":"rhine-cloud-driver"}
{"level":"INFO","time":"2022-12-20T02:58:45.674+0800","linenum":"models/init.go:33","msg":"MySQL数据库链接成功","serviceName":"rhine-cloud-driver"}
{"level":"ERROR","time":"2022-12-20T15:39:16.531+0800","linenum":"models/init.go:30","msg":"数据库链接错误","serviceName":"rhine-cloud-driver","error":"dial tcp 0.0.0.0:3306: connect: connection refused"}
{"level":"INFO","time":"2022-12-20T15:40:00.831+0800","linenum":"models/init.go:33","msg":"MySQL数据库链接成功","serviceName":"rhine-cloud-driver"}
{"level":"ERROR","time":"2022-12-20T15:40:30.860+0800","linenum":"models/user.go:142","msg":"事务执行：插入新用户错误","serviceName":"rhine-cloud-driver","user":{"uid":1327495831267315712,"name":"x","password":"32747268727468723853684f6d4855485875753252417253e3b0c44298fc1c149afbf4c8996fb92427ae41e4649b934ca495991b7852b855:8ShOmHUHXuu2RArS","email":"1@qq.com","create_time":"","used_storage":0,"total_storage":0,"group_id":0},"error":"Error 1062: Duplicate entry '1@qq.com' for key 'users.idx_email'"}
{"level":"INFO","time":"2022-12-20T15:43:43.537+0800","linenum":"models/init.go:33","msg":"MySQL数据库链接成功","serviceName":"rhine-cloud-driver"}
{"level":"INFO","time":"2022-12-20T15:45:06.466+0800","linenum":"models/init.go:33","msg":"MySQL数据库链接成功","serviceName":"rhine-cloud-driver"}
{"level":"INFO","time":"2022-12-20T15:45:22.190+0800","linenum":"models/init.go:33","msg":"MySQL数据库链接成功","serviceName":"rhine-cloud-driver"}
{"level":"INFO","time":"2022-12-20T15:46:24.053+0800","linenum":"models/init.go:33","msg":"MySQL数据库链接成功","serviceName":"rhine-cloud-driver"}
{"level":"INFO","time":"2022-12-20T15:47:06.637+0800","linenum":"models/init.go:33","msg":"MySQL数据库链接成功","serviceName":"rhine-cloud-driver"}
{"level":"ERROR","time":"2022-12-20T15:47:32.101+0800","linenum":"models/user.go:142","msg":"事务执行：插入新用户错误","serviceName":"rhine-cloud-driver","user":{"uid":1327497598075932672,"name":"x","password":"32747268727468727852506c4a546f32494877427a767979e3b0c44298fc1c149afbf4c8996fb92427ae41e4649b934ca495991b7852b855:xRPlJTo2IHwBzvyy","email":"1@qq.com","create_time":"","used_storage":0,"total_storage":0,"group_id":0},"error":"Error 1062: Duplicate entry '1@qq.com' for key 'users.idx_email'"}
{"level":"ERROR","time":"2022-12-20T15:48:53.327+0800","linenum":"models/user.go:142","msg":"事务执行：插入新用户错误","serviceName":"rhine-cloud-driver","user":{"uid":1327497938766663680,"name":"x","password":"327472687274687243413348646444626e436c726b484d42e3b0c44298fc1c149afbf4c8996fb92427ae41e4649b934ca495991b7852b855:CA3HddDbnClrkHMB","email":"2@qq.com","create_time":"","used_storage":0,"total_storage":0,"group_id":0},"error":"Error 1062: Duplicate entry '2@qq.com' for key 'users.idx_email'"}
{"level":"INFO","time":"2022-12-20T15:50:18.462+0800","linenum":"models/init.go:33","msg":"MySQL数据库链接成功","serviceName":"rhine-cloud-driver"}
{"level":"ERROR","time":"2022-12-20T15:50:18.549+0800","linenum":"models/user.go:142","msg":"事务执行：插入新用户错误","serviceName":"rhine-cloud-driver","user":{"uid":1327498296230416384,"name":"x","password":"327472687274687248557439544a366c7a7078473159374fe3b0c44298fc1c149afbf4c8996fb92427ae41e4649b934ca495991b7852b855:HUt9TJ6lzpxG1Y7O","email":"3@qq.com","create_time":"","used_storage":0,"total_storage":0,"group_id":0},"error":"Error 1062: Duplicate entry '3@qq.com' for key 'users.idx_email'"}
{"level":"INFO","time":"2022-12-20T15:50:44.464+0800","linenum":"models/init.go:33","msg":"MySQL数据库链接成功","serviceName":"rhine-cloud-driver"}
{"level":"INFO","time":"2022-12-20T16:00:23.179+0800","linenum":"models/init.go:33","msg":"MySQL数据库链接成功","serviceName":"rhine-cloud-driver"}
{"level":"INFO","time":"2022-12-20T16:56:43.591+0800","linenum":"models/init.go:33","msg":"MySQL数据库链接成功","serviceName":"rhine-cloud-driver"}
{"level":"INFO","time":"2022-12-20T16:57:47.743+0800","linenum":"models/init.go:33","msg":"MySQL数据库链接成功","serviceName":"rhine-cloud-driver"}
{"level":"INFO","time":"2022-12-20T16:59:59.445+0800","linenum":"models/init.go:33","msg":"MySQL数据库链接成功","serviceName":"rhine-cloud-driver"}
{"level":"INFO","time":"2022-12-20T17:10:43.284+0800","linenum":"models/init.go:33","msg":"MySQL数据库链接成功","serviceName":"rhine-cloud-driver"}
{"level":"INFO","time":"2022-12-20T17:14:00.059+0800","linenum":"models/init.go:33","msg":"MySQL数据库链接成功","serviceName":"rhine-cloud-driver"}
{"level":"INFO","time":"2022-12-20T17:14:50.898+0800","linenum":"models/init.go:33","msg":"MySQL数据库链接成功","serviceName":"rhine-cloud-driver"}
{"level":"INFO","time":"2022-12-20T17:16:05.523+0800","linenum":"models/init.go:33","msg":"MySQL数据库链接成功","serviceName":"rhine-cloud-driver"}
{"level":"INFO","time":"2022-12-21T18:11:37.588+0800","linenum":"models/init.go:33","msg":"MySQL数据库链接成功","serviceName":"rhine-cloud-driver"}
{"level":"ERROR","time":"2022-12-21T18:15:53.645+0800","linenum":"jwt/jwt.go:42","msg":"JWT的token提取值错误:%#v","serviceName":"rhine-cloud-driver","error":"token contains an invalid number of segments"}
{"level":"INFO","time":"2022-12-21T18:45:11.390+0800","linenum":"models/init.go:33","msg":"MySQL数据库链接成功","serviceName":"rhine-cloud-driver"}
{"level":"INFO","time":"2022-12-21T18:56:44.595+0800","linenum":"models/init.go:33","msg":"MySQL数据库链接成功","serviceName":"rhine-cloud-driver"}
