{"level":"ERROR","time":"2023-02-04T23:19:40.013+0800","linenum":"models/init.go:31","msg":"数据库链接错误","serviceName":"rhine-cloud-driver","error":"dial tcp 0.0.0.0:3306: connect: connection refused"}
{"level":"ERROR","time":"2023-02-04T23:19:40.082+0800","linenum":"redis/redis.go:25","msg":"InitRedis ping error","serviceName":"rhine-cloud-driver","error":"dial tcp 0.0.0.0:6379: connect: connection refused"}
{"level":"INFO","time":"2023-02-04T23:26:47.661+0800","linenum":"models/init.go:34","msg":"MySQL数据库链接成功","serviceName":"rhine-cloud-driver"}
{"level":"INFO","time":"2023-02-04T23:26:47.732+0800","linenum":"redis/redis.go:28","msg":"Redis链接成功","serviceName":"rhine-cloud-driver"}
{"level":"INFO","time":"2023-02-04T23:27:22.976+0800","linenum":"models/init.go:34","msg":"MySQL数据库链接成功","serviceName":"rhine-cloud-driver"}
{"level":"INFO","time":"2023-02-04T23:27:23.057+0800","linenum":"redis/redis.go:28","msg":"Redis链接成功","serviceName":"rhine-cloud-driver"}
{"level":"INFO","time":"2023-02-04T23:29:04.766+0800","linenum":"models/init.go:34","msg":"MySQL数据库链接成功","serviceName":"rhine-cloud-driver"}
{"level":"INFO","time":"2023-02-04T23:29:04.837+0800","linenum":"redis/redis.go:28","msg":"Redis链接成功","serviceName":"rhine-cloud-driver"}
{"level":"INFO","time":"2023-02-04T23:29:43.368+0800","linenum":"models/init.go:34","msg":"MySQL数据库链接成功","serviceName":"rhine-cloud-driver"}
{"level":"INFO","time":"2023-02-04T23:29:43.443+0800","linenum":"redis/redis.go:28","msg":"Redis链接成功","serviceName":"rhine-cloud-driver"}
{"level":"INFO","time":"2023-02-04T23:30:03.438+0800","linenum":"models/init.go:34","msg":"MySQL数据库链接成功","serviceName":"rhine-cloud-driver"}
{"level":"INFO","time":"2023-02-04T23:30:03.501+0800","linenum":"redis/redis.go:28","msg":"Redis链接成功","serviceName":"rhine-cloud-driver"}
{"level":"INFO","time":"2023-02-04T23:35:43.111+0800","linenum":"models/init.go:34","msg":"MySQL数据库链接成功","serviceName":"rhine-cloud-driver"}
{"level":"INFO","time":"2023-02-04T23:35:43.186+0800","linenum":"redis/redis.go:28","msg":"Redis链接成功","serviceName":"rhine-cloud-driver"}
{"level":"INFO","time":"2023-02-04T23:39:14.255+0800","linenum":"models/init.go:34","msg":"MySQL数据库链接成功","serviceName":"rhine-cloud-driver"}
{"level":"INFO","time":"2023-02-04T23:39:14.331+0800","linenum":"redis/redis.go:28","msg":"Redis链接成功","serviceName":"rhine-cloud-driver"}
{"level":"INFO","time":"2023-02-04T23:39:45.907+0800","linenum":"models/init.go:34","msg":"MySQL数据库链接成功","serviceName":"rhine-cloud-driver"}
{"level":"INFO","time":"2023-02-04T23:39:45.982+0800","linenum":"redis/redis.go:28","msg":"Redis链接成功","serviceName":"rhine-cloud-driver"}
{"level":"INFO","time":"2023-02-04T23:39:57.355+0800","linenum":"models/init.go:34","msg":"MySQL数据库链接成功","serviceName":"rhine-cloud-driver"}
{"level":"INFO","time":"2023-02-04T23:39:57.441+0800","linenum":"redis/redis.go:28","msg":"Redis链接成功","serviceName":"rhine-cloud-driver"}
{"level":"INFO","time":"2023-02-04T23:40:12.931+0800","linenum":"models/init.go:34","msg":"MySQL数据库链接成功","serviceName":"rhine-cloud-driver"}
{"level":"INFO","time":"2023-02-04T23:40:13.006+0800","linenum":"redis/redis.go:28","msg":"Redis链接成功","serviceName":"rhine-cloud-driver"}
{"level":"INFO","time":"2023-02-04T23:40:59.731+0800","linenum":"models/init.go:34","msg":"MySQL数据库链接成功","serviceName":"rhine-cloud-driver"}
{"level":"INFO","time":"2023-02-04T23:40:59.811+0800","linenum":"redis/redis.go:28","msg":"Redis链接成功","serviceName":"rhine-cloud-driver"}
{"level":"INFO","time":"2023-02-04T23:42:22.884+0800","linenum":"models/init.go:34","msg":"MySQL数据库链接成功","serviceName":"rhine-cloud-driver"}
{"level":"INFO","time":"2023-02-04T23:42:22.961+0800","linenum":"redis/redis.go:28","msg":"Redis链接成功","serviceName":"rhine-cloud-driver"}
{"level":"INFO","time":"2023-02-04T23:42:41.723+0800","linenum":"models/init.go:34","msg":"MySQL数据库链接成功","serviceName":"rhine-cloud-driver"}
{"level":"INFO","time":"2023-02-04T23:42:41.795+0800","linenum":"redis/redis.go:28","msg":"Redis链接成功","serviceName":"rhine-cloud-driver"}
{"level":"ERROR","time":"2023-02-04T23:42:41.820+0800","linenum":"models/user.go:144","msg":"事务执行：插入新用户错误","serviceName":"rhine-cloud-driver","user":{"uid":1344287018342944768,"name":"test","password":"31323334353677455668684644574f5a6c434535566be3b0c44298fc1c149afbf4c8996fb92427ae41e4649b934ca495991b7852b855:wEVhhFDWOZlCE5Vk","email":"1@qq.com","create_time":"2023-02-04 23:42:41","used_storage":0,"total_storage":0,"group_id":0},"error":"Error 1062: Duplicate entry '1@qq.com' for key 'users.idx_email'"}
{"level":"ERROR","time":"2023-02-04T23:42:41.823+0800","linenum":"jwt/jwt.go:42","msg":"JWT的token提取值错误:%#v","serviceName":"rhine-cloud-driver","error":"token contains an invalid number of segments"}
